<?xml version="1.0" encoding="UTF-8"?>
<!-- Generated by org.testng.reporters.JUnitReportReporter -->
<testsuite hostname="DESKTOP-ETBT7MC" failures="0" tests="1" name="Amazon_TestCases.TC3_Login_Search_Addtocart" time="58.859" errors="0" timestamp="2025-05-20T22:33:16 IST" skipped="0">
  <testcase classname="Amazon_TestCases.TC3_Login_Search_Addtocart" name="Amazonlogin" time="58.859"/>
  <system-out>
    <![CDATA[Browser is Successfully launched
Browser is Successfully Closed]]>
  </system-out>
</testsuite> <!-- Amazon_TestCases.TC3_Login_Search_Addtocart -->
