<?xml version="1.0" encoding="UTF-8"?>
<!-- Generated by org.testng.reporters.JUnitReportReporter -->
<testsuite hostname="DESKTOP-ETBT7MC" failures="0" tests="2" name="pack1.class_56_testcasegrouping" time="0.012" errors="0" timestamp="2025-05-07T18:57:57 IST" skipped="0">
  <testcase classname="pack1.class_56_testcasegrouping" name="testcase1" time="0.011"/>
  <testcase classname="pack1.class_56_testcasegrouping" name="testcase2" time="0.001"/>
</testsuite> <!-- pack1.class_56_testcasegrouping -->
