<?xml version="1.0" encoding="UTF-8"?>
<!-- Generated by org.testng.reporters.JUnitReportReporter -->
<testsuite hostname="DESKTOP-ETBT7MC" failures="0" tests="2" name="TestNg_Assignments.Assign_163_All_Annotations" time="0.011" errors="0" timestamp="2025-05-20T18:08:11 IST" skipped="0">
  <testcase classname="TestNg_Assignments.Assign_163_All_Annotations" name="Testmethod1" time="0.009"/>
  <testcase classname="TestNg_Assignments.Assign_163_All_Annotations" name="Testmethod2" time="0.002"/>
</testsuite> <!-- TestNg_Assignments.Assign_163_All_Annotations -->
