<?xml version="1.0" encoding="UTF-8"?>
<!-- Generated by org.testng.reporters.JUnitReportReporter -->
<testsuite hostname="DESKTOP-ETBT7MC" failures="0" tests="1" name="Amazon_TestCases.TC1_Login_To_Amazon" time="41.979" errors="0" timestamp="2025-06-13T20:06:51 IST" skipped="0">
  <testcase classname="Amazon_TestCases.TC1_Login_To_Amazon" name="Amazonlogin" time="41.979"/>
  <system-out>
    <![CDATA[Browser is Successfully launched
Browser is Successfully Closed]]>
  </system-out>
</testsuite> <!-- Amazon_TestCases.TC1_Login_To_Amazon -->
