<?xml version="1.0" encoding="UTF-8"?>
<!-- Generated by org.testng.reporters.JUnitReportReporter -->
<testsuite hostname="DESKTOP-ETBT7MC" failures="0" tests="1" name="Project1_TestCases.P1_TC5_Amazon_Search_Product" time="38.856" errors="0" timestamp="2025-06-14T09:15:54 IST" skipped="0">
  <testcase classname="Project1_TestCases.P1_TC5_Amazon_Search_Product" name="AmazonProductSearch" time="38.856">
    <system-out>
      <![CDATA[Actual Element Text  and Initial Elemenet Test are not Matching , hence Passed
Current URL for redirected page contains the search String , Hence passed]]>
    </system-out>
  </testcase> <!-- AmazonProductSearch -->
  <system-out>
    <![CDATA[Browser is Successfully launched
Actual Element Text  and Initial Elemenet Test are not Matching , hence Passed
Current URL for redirected page contains the search String , Hence passed
Browser is Successfully Closed]]>
  </system-out>
</testsuite> <!-- Project1_TestCases.P1_TC5_Amazon_Search_Product -->
