<?xml version="1.0" encoding="UTF-8"?>
<!-- Generated by org.testng.reporters.JUnitReportReporter -->
<testsuite hostname="DESKTOP-ETBT7MC" failures="0" tests="1" name="pack1.Class_62_Brokenlinks_Grotech" time="71.933" errors="0" timestamp="2025-05-16T20:02:46 IST" skipped="0">
  <testcase classname="pack1.Class_62_Brokenlinks_Grotech" name="brokenlinks" time="71.933"/>
</testsuite> <!-- pack1.Class_62_Brokenlinks_Grotech -->
