<?xml version="1.0" encoding="UTF-8"?>
<!-- Generated by org.testng.reporters.JUnitReportReporter -->
<testsuite hostname="DESKTOP-ETBT7MC" failures="0" tests="5" name="TestNg_Assignments.Assign_160_Multi_Innvocationcount" time="112.317" errors="0" timestamp="2025-05-19T20:26:24 IST" skipped="0">
  <testcase classname="TestNg_Assignments.Assign_160_Multi_Innvocationcount" name="forcefailure" time="31.295"/>
  <testcase classname="TestNg_Assignments.Assign_160_Multi_Innvocationcount" name="forcefailure" time="15.274"/>
  <testcase classname="TestNg_Assignments.Assign_160_Multi_Innvocationcount" name="forcefailure" time="31.844"/>
  <testcase classname="TestNg_Assignments.Assign_160_Multi_Innvocationcount" name="forcefailure" time="12.491"/>
  <testcase classname="TestNg_Assignments.Assign_160_Multi_Innvocationcount" name="forcefailure" time="21.413"/>
</testsuite> <!-- TestNg_Assignments.Assign_160_Multi_Innvocationcount -->
