<?xml version="1.0" encoding="UTF-8"?>
<!-- Generated by org.testng.reporters.JUnitReportReporter -->
<testsuite hostname="DESKTOP-ETBT7MC" failures="0" tests="1" name="pack1.Testngfile" time="0.012" errors="0" timestamp="2025-05-06T18:35:54 IST" skipped="0">
  <testcase classname="pack1.Testngfile" name="testng1" time="0.012"/>
</testsuite> <!-- pack1.Testngfile -->
