<?xml version="1.0" encoding="UTF-8"?>
<!-- Generated by org.testng.reporters.JUnitReportReporter -->
<testsuite hostname="DESKTOP-ETBT7MC" failures="0" tests="2" name="TestNg_Assignments.Assign_158_Priority_TestNG" time="22.477" errors="0" timestamp="2025-05-19T20:11:14 IST" skipped="0">
  <testcase classname="TestNg_Assignments.Assign_158_Priority_TestNG" name="forcefailure" time="13.781"/>
  <testcase classname="TestNg_Assignments.Assign_158_Priority_TestNG" name="chrometest" time="8.696"/>
</testsuite> <!-- TestNg_Assignments.Assign_158_Priority_TestNG -->
