<?xml version="1.0" encoding="UTF-8"?>
<!-- Generated by org.testng.reporters.JUnitReportReporter -->
<testsuite hostname="DESKTOP-ETBT7MC" failures="0" tests="1" name="pack1.class_60_Amazon_Login_search_Wish_Assert" time="50.853" errors="0" timestamp="2025-05-14T20:03:54 IST" skipped="0">
  <testcase classname="pack1.class_60_Amazon_Login_search_Wish_Assert" name="amazonetoe" time="50.853"/>
</testsuite> <!-- pack1.class_60_Amazon_Login_search_Wish_Assert -->
