<?xml version="1.0" encoding="UTF-8"?>
<!-- Generated by org.testng.reporters.JUnitReportReporter -->
<testsuite hostname="DESKTOP-ETBT7MC" failures="0" tests="3" name="pack1.Class_55_testCase_Parallel" time="87.048" errors="0" timestamp="2025-05-06T20:01:16 IST" skipped="0">
  <testcase classname="pack1.Class_55_testCase_Parallel" name="logintoamazon" time="47.031"/>
  <testcase classname="pack1.Class_55_testCase_Parallel" name="logintoamazon" time="13.472"/>
  <testcase classname="pack1.Class_55_testCase_Parallel" name="logintoamazon" time="26.545"/>
</testsuite> <!-- pack1.Class_55_testCase_Parallel -->
