<?xml version="1.0" encoding="UTF-8"?>
<!-- Generated by org.testng.reporters.JUnitReportReporter -->
<testsuite hostname="DESKTOP-ETBT7MC" failures="0" tests="1" name="pack1.Class_62_Brokenlinks" time="41.420" errors="0" timestamp="2025-05-16T20:04:41 IST" skipped="0">
  <testcase classname="pack1.Class_62_Brokenlinks" name="brokenlinks" time="41.420"/>
</testsuite> <!-- pack1.Class_62_Brokenlinks -->
