<?xml version="1.0" encoding="UTF-8"?>
<!-- Generated by org.testng.reporters.JUnitReportReporter -->
<testsuite hostname="DESKTOP-ETBT7MC" failures="0" tests="4" name="TestNg_Assignments.Assign_164_All_Testcases_in_Oneclass" time="0.018" errors="0" timestamp="2025-05-20T18:15:57 IST" skipped="0">
  <testcase classname="TestNg_Assignments.Assign_164_All_Testcases_in_Oneclass" name="Testmethod2" time="0.002"/>
  <testcase classname="TestNg_Assignments.Assign_164_All_Testcases_in_Oneclass" name="Testmethod4" time="0.002"/>
  <testcase classname="TestNg_Assignments.Assign_164_All_Testcases_in_Oneclass" name="Testmethod3" time="0.002"/>
  <testcase classname="TestNg_Assignments.Assign_164_All_Testcases_in_Oneclass" name="Testmethod1" time="0.012"/>
</testsuite> <!-- TestNg_Assignments.Assign_164_All_Testcases_in_Oneclass -->
