<?xml version="1.0" encoding="UTF-8"?>
<!-- Generated by org.testng.reporters.JUnitReportReporter -->
<testsuite hostname="DESKTOP-ETBT7MC" failures="0" tests="5" name="pack1.Class_57_FacebookLogin_excel" time="87.517" errors="0" timestamp="2025-05-08T23:04:04 IST" skipped="0">
  <testcase classname="pack1.Class_57_FacebookLogin_excel" name="login" time="17.127"/>
  <testcase classname="pack1.Class_57_FacebookLogin_excel" name="login" time="16.684"/>
  <testcase classname="pack1.Class_57_FacebookLogin_excel" name="login" time="14.959"/>
  <testcase classname="pack1.Class_57_FacebookLogin_excel" name="login" time="16.731"/>
  <testcase classname="pack1.Class_57_FacebookLogin_excel" name="login" time="22.016"/>
</testsuite> <!-- pack1.Class_57_FacebookLogin_excel -->
