<?xml version="1.0" encoding="UTF-8"?>
<!-- Generated by org.testng.reporters.JUnitReportReporter -->
<testsuite hostname="DESKTOP-ETBT7MC" failures="0" tests="2" name="TestNg_Assignments.Assign_159_enable_disable" time="9.881" errors="0" timestamp="2025-05-19T20:20:01 IST" skipped="1">
  <testcase classname="TestNg_Assignments.Assign_159_enable_disable" name="chrometest" time="9.881"/>
  <testcase classname="TestNg_Assignments.Assign_159_enable_disable" name="forcefailure">
    <skipped/>
  </testcase> <!-- forcefailure -->
</testsuite> <!-- TestNg_Assignments.Assign_159_enable_disable -->
