<?xml version="1.0" encoding="UTF-8"?>
<!-- Generated by org.testng.reporters.JUnitReportReporter -->
<testsuite hostname="DESKTOP-ETBT7MC" failures="0" tests="1" name="Pack2.Class_61_Rety_autosuggestion" time="20.973" errors="0" timestamp="2025-05-20T17:56:58 IST" skipped="0">
  <testcase classname="Pack2.Class_61_Rety_autosuggestion" name="amazonautosuggest" time="20.973"/>
</testsuite> <!-- Pack2.Class_61_Rety_autosuggestion -->
