<?xml version="1.0" encoding="UTF-8"?>
<!-- Generated by org.testng.reporters.JUnitReportReporter -->
<testsuite hostname="DESKTOP-ETBT7MC" failures="0" tests="5" name="pack1.Class_57_FacebookLogin_dataprovider" time="89.818" errors="0" timestamp="2025-05-08T19:18:34 IST" skipped="0">
  <testcase classname="pack1.Class_57_FacebookLogin_dataprovider" name="login" time="19.259"/>
  <testcase classname="pack1.Class_57_FacebookLogin_dataprovider" name="login" time="17.363"/>
  <testcase classname="pack1.Class_57_FacebookLogin_dataprovider" name="login" time="17.185"/>
  <testcase classname="pack1.Class_57_FacebookLogin_dataprovider" name="login" time="19.565"/>
  <testcase classname="pack1.Class_57_FacebookLogin_dataprovider" name="login" time="16.446"/>
</testsuite> <!-- pack1.Class_57_FacebookLogin_dataprovider -->
