<?xml version="1.0" encoding="UTF-8"?>
<!-- Generated by org.testng.reporters.JUnitReportReporter -->
<testsuite hostname="DESKTOP-ETBT7MC" failures="0" tests="1" name="POM_facebook_testcases.Class_63_facebook_testcase" time="14.779" errors="0" timestamp="2025-05-19T19:14:02 IST" skipped="0">
  <testcase classname="POM_facebook_testcases.Class_63_facebook_testcase" name="facelogin_validcreds" time="14.779"/>
</testsuite> <!-- POM_facebook_testcases.Class_63_facebook_testcase -->
