<?xml version="1.0" encoding="UTF-8"?>
<!-- Generated by org.testng.reporters.JUnitReportReporter -->
<testsuite hostname="DESKTOP-ETBT7MC" failures="0" tests="1" name="Amazon_TestCases.TC2_Login_Search_Addtowishlist" time="57.565" errors="0" timestamp="2025-05-20T22:03:38 IST" skipped="0">
  <testcase classname="Amazon_TestCases.TC2_Login_Search_Addtowishlist" name="Amazonlogin" time="57.565"/>
  <system-out>
    <![CDATA[Browser is Successfully launched
Browser is Successfully Closed]]>
  </system-out>
</testsuite> <!-- Amazon_TestCases.TC2_Login_Search_Addtowishlist -->
