<?xml version="1.0" encoding="UTF-8"?>
<!-- Generated by org.testng.reporters.JUnitReportReporter -->
<testsuite hostname="DESKTOP-ETBT7MC" failures="0" tests="1" name="pack1.Class_62_Broken_with_Protocal_domain" time="155.715" errors="0" timestamp="2025-05-16T21:00:19 IST" skipped="0">
  <testcase classname="pack1.Class_62_Broken_with_Protocal_domain" name="brokenlinks" time="155.715"/>
</testsuite> <!-- pack1.Class_62_Broken_with_Protocal_domain -->
