<?xml version="1.0" encoding="UTF-8"?>
<!-- Generated by org.testng.reporters.JUnitReportReporter -->
<testsuite hostname="DESKTOP-ETBT7MC" failures="0" tests="1" name="pack1.Class_66_Explicit_wait_methods" time="9.955" errors="0" timestamp="2025-05-22T19:09:18 IST" skipped="0">
  <testcase classname="pack1.Class_66_Explicit_wait_methods" name="explicit" time="9.955"/>
</testsuite> <!-- pack1.Class_66_Explicit_wait_methods -->
