<?xml version="1.0" encoding="UTF-8"?>
<!-- Generated by org.testng.reporters.JUnitReportReporter -->
<testsuite hostname="DESKTOP-ETBT7MC" failures="0" tests="1" name="pack1.Class_68_maximizemode" time="9.625" errors="0" timestamp="2025-05-26T18:58:49 IST" skipped="0">
  <testcase classname="pack1.Class_68_maximizemode" name="incognito" time="9.625"/>
</testsuite> <!-- pack1.Class_68_maximizemode -->
