<?xml version="1.0" encoding="UTF-8"?>
<!-- Generated by org.testng.reporters.JUnitReportReporter -->
<testsuite hostname="DESKTOP-ETBT7MC" failures="0" tests="1" name="Amazon_TestCases.TC4_Login_Addnewaddress" time="42.444" errors="0" timestamp="2025-05-22T08:47:07 IST" skipped="0">
  <testcase classname="Amazon_TestCases.TC4_Login_Addnewaddress" name="Login_addnewaddress" time="42.444"/>
  <system-out>
    <![CDATA[Browser is Successfully launched
Browser is Successfully Closed]]>
  </system-out>
</testsuite> <!-- Amazon_TestCases.TC4_Login_Addnewaddress -->
