<?xml version="1.0" encoding="UTF-8"?>
<!-- Generated by org.testng.reporters.JUnitReportReporter -->
<testsuite hostname="DESKTOP-ETBT7MC" failures="0" tests="1" name="pack1.Class_67_Headless" time="21.760" errors="0" timestamp="2025-05-23T19:16:59 IST" skipped="0">
  <testcase classname="pack1.Class_67_Headless" name="headless" time="21.760"/>
</testsuite> <!-- pack1.Class_67_Headless -->
