<?xml version="1.0" encoding="UTF-8"?>
<!-- Generated by org.testng.reporters.JUnitReportReporter -->
<testsuite hostname="DESKTOP-ETBT7MC" failures="0" tests="1" name="TestNg_Assignments.Assign_156_LaunchBrowser_testng_selenium" time="15.052" errors="0" timestamp="2025-05-19T18:29:17 IST" skipped="0">
  <testcase classname="TestNg_Assignments.Assign_156_LaunchBrowser_testng_selenium" name="launchwebsite" time="15.052"/>
</testsuite> <!-- TestNg_Assignments.Assign_156_LaunchBrowser_testng_selenium -->
