<?xml version="1.0" encoding="UTF-8"?>
<!-- Generated by org.testng.reporters.JUnitReportReporter -->
<testsuite hostname="DESKTOP-ETBT7MC" failures="0" tests="1" name="pack1.Class_59_Amazon_Login_Assert" time="29.360" errors="0" timestamp="2025-05-13T19:42:10 IST" skipped="0">
  <testcase classname="pack1.Class_59_Amazon_Login_Assert" name="amazonlog" time="29.360"/>
</testsuite> <!-- pack1.Class_59_Amazon_Login_Assert -->
