<?xml version="1.0" encoding="UTF-8"?>
<!-- Generated by org.testng.reporters.JUnitReportReporter -->
<testsuite hostname="DESKTOP-ETBT7MC" failures="0" tests="1" name="pack1.Class_67_broswerbasedpopup" time="1012.279" errors="0" timestamp="2025-05-23T19:56:02 IST" skipped="0">
  <testcase classname="pack1.Class_67_broswerbasedpopup" name="facebooklogin" time="1012.279"/>
</testsuite> <!-- pack1.Class_67_broswerbasedpopup -->
