<?xml version="1.0" encoding="UTF-8"?>
<!-- Generated by org.testng.reporters.JUnitReportReporter -->
<testsuite hostname="DESKTOP-ETBT7MC" failures="0" tests="1" name="Project1_TestCases.P1_TC3_Amazon_Invalid_Login" time="34.347" errors="0" timestamp="2025-05-28T21:26:06 IST" skipped="0">
  <testcase classname="Project1_TestCases.P1_TC3_Amazon_Invalid_Login" name="AmazonInValidlogin" time="34.347"/>
  <system-out>
    <![CDATA[Browser is Successfully launched
Browser is Successfully Closed]]>
  </system-out>
</testsuite> <!-- Project1_TestCases.P1_TC3_Amazon_Invalid_Login -->
