<?xml version="1.0" encoding="UTF-8"?>
<!-- Generated by org.testng.reporters.JUnitReportReporter -->
<testsuite hostname="DESKTOP-ETBT7MC" failures="0" tests="1" name="Pack2.class_56_testcasegrouping2" time="0.002" errors="0" timestamp="2025-06-22T11:29:11 IST" skipped="0">
  <testcase classname="Pack2.class_56_testcasegrouping2" name="testcase6" time="0.002"/>
</testsuite> <!-- Pack2.class_56_testcasegrouping2 -->
