<?xml version="1.0" encoding="UTF-8"?>
<!-- Generated by org.testng.reporters.JUnitReportReporter -->
<testsuite hostname="DESKTOP-ETBT7MC" failures="0" tests="2" name="Pack2.class_56_testcasegrouping3" time="0.001" errors="0" timestamp="2025-06-22T11:29:11 IST" skipped="0">
  <testcase classname="Pack2.class_56_testcasegrouping3" name="testcase9" time="0.000"/>
  <testcase classname="Pack2.class_56_testcasegrouping3" name="testcase8" time="0.001"/>
</testsuite> <!-- Pack2.class_56_testcasegrouping3 -->
