<?xml version="1.0" encoding="UTF-8"?>
<!-- Generated by org.testng.reporters.JUnitReportReporter -->
<testsuite hostname="DESKTOP-ETBT7MC" failures="0" tests="1" name="Amazon_TestCases.TC5_Login_brokenlinks" time="97.413" errors="0" timestamp="2025-06-13T20:12:59 IST" skipped="0">
  <testcase classname="Amazon_TestCases.TC5_Login_brokenlinks" name="Login_brokenlinks" time="97.413"/>
  <system-out>
    <![CDATA[Browser is Successfully launched
Browser is Successfully Closed
Browser is Successfully launched
Browser is Successfully Closed
Browser is Successfully launched
Browser is Successfully Closed
Browser is Successfully launched
Browser is Successfully Closed
Browser is Successfully launched
Browser is Successfully Closed]]>
  </system-out>
</testsuite> <!-- Amazon_TestCases.TC5_Login_brokenlinks -->
